0 info it worked if it ends with ok
1 verbose cli [ '/usr/local/Cellar/node/5.0.0/bin/node',
1 verbose cli   '/usr/local/bin/npm',
1 verbose cli   'run',
1 verbose cli   'merge',
1 verbose cli   'origin/master' ]
2 info using npm@3.3.9
3 info using node@v5.0.0
4 verbose run-script [ 'premerge', 'merge', 'postmerge' ]
5 info lifecycle suman@0.9.9~premerge: suman@0.9.9
6 silly lifecycle suman@0.9.9~premerge: no script for premerge, continuing
7 info lifecycle suman@0.9.9~merge: suman@0.9.9
8 verbose lifecycle suman@0.9.9~merge: unsafe-perm in lifecycle true
9 verbose lifecycle suman@0.9.9~merge: PATH: /usr/local/lib/node_modules/npm/bin/node-gyp-bin:/Users/amills001c/WebstormProjects/ORESoftware/suman/node_modules/.bin:/Users/amills001c/.rvm/gems/ruby-2.2.1/bin:/Users/amills001c/.rvm/gems/ruby-2.2.1@global/bin:/Users/amills001c/.rvm/rubies/ruby-2.2.1/bin:/Users/amills001c/google_app_engine_stuff/google-cloud-sdk/bin:/usr/local/bin:/usr/local/bin/meteor:/usr/local/redis/bin:/usr/bin:/bin:/usr/sbin:/sbin:/usr/local/bin:/usr/local/git/bin:/Users/amills001c/golang/bin:/Users/amills001c/apache-maven-3.3.3/bin:/Users/amills001c/.rvm/bin
10 verbose lifecycle suman@0.9.9~merge: CWD: /Users/amills001c/WebstormProjects/ORESoftware/suman
11 silly lifecycle suman@0.9.9~merge: Args: [ '-c', 'git merge -Xignore-all-space "origin/master"' ]
12 silly lifecycle suman@0.9.9~merge: Returned: code: 128  signal: null
13 info lifecycle suman@0.9.9~merge: Failed to exec merge script
14 verbose stack Error: suman@0.9.9 merge: `git merge -Xignore-all-space "origin/master"`
14 verbose stack Exit status 128
14 verbose stack     at EventEmitter.<anonymous> (/usr/local/lib/node_modules/npm/lib/utils/lifecycle.js:233:16)
14 verbose stack     at emitTwo (events.js:87:13)
14 verbose stack     at EventEmitter.emit (events.js:172:7)
14 verbose stack     at ChildProcess.<anonymous> (/usr/local/lib/node_modules/npm/lib/utils/spawn.js:24:14)
14 verbose stack     at emitTwo (events.js:87:13)
14 verbose stack     at ChildProcess.emit (events.js:172:7)
14 verbose stack     at maybeClose (internal/child_process.js:818:16)
14 verbose stack     at Process.ChildProcess._handle.onexit (internal/child_process.js:211:5)
15 verbose pkgid suman@0.9.9
16 verbose cwd /Users/amills001c/WebstormProjects/ORESoftware/suman
17 error Darwin 13.4.0
18 error argv "/usr/local/Cellar/node/5.0.0/bin/node" "/usr/local/bin/npm" "run" "merge" "origin/master"
19 error node v5.0.0
20 error npm  v3.3.9
21 error code ELIFECYCLE
22 error suman@0.9.9 merge: `git merge -Xignore-all-space "origin/master"`
22 error Exit status 128
23 error Failed at the suman@0.9.9 merge script 'git merge -Xignore-all-space "origin/master"'.
23 error This is most likely a problem with the suman package,
23 error not with npm itself.
23 error Tell the author that this fails on your system:
23 error     git merge -Xignore-all-space "origin/master"
23 error You can get their info via:
23 error     npm owner ls suman
23 error There is likely additional logging output above.
24 verbose exit [ 1, true ]
